mode: set
ecommerce-service/cmd/main.go:24.13,27.16 2 0
ecommerce-service/cmd/main.go:27.16,29.3 1 0
ecommerce-service/cmd/main.go:31.2,32.16 2 0
ecommerce-service/cmd/main.go:32.16,34.3 1 0
ecommerce-service/cmd/main.go:35.2,40.16 4 0
ecommerce-service/cmd/main.go:40.16,42.3 1 0
ecommerce-service/cmd/main.go:43.2,48.16 4 0
ecommerce-service/cmd/main.go:48.16,51.3 2 0
ecommerce-service/cmd/main.go:52.2,57.58 4 0
ecommerce-service/cmd/main.go:57.58,59.3 1 0
ecommerce-service/cmd/main.go:60.2,98.12 9 0
ecommerce-service/cmd/main.go:98.12,100.80 2 0
ecommerce-service/cmd/main.go:100.80,102.4 1 0
ecommerce-service/cmd/main.go:106.2,115.45 7 0
ecommerce-service/cmd/main.go:115.45,117.3 1 0
ecommerce-service/cmd/main.go:119.2,119.37 1 0
ecommerce-service/internal/auth/auth.go:23.117,29.2 1 0
ecommerce-service/internal/auth/auth.go:31.66,32.36 1 0
ecommerce-service/internal/auth/auth.go:32.36,34.3 1 0
ecommerce-service/internal/auth/auth.go:37.2,38.16 2 0
ecommerce-service/internal/auth/auth.go:38.16,40.3 1 0
ecommerce-service/internal/auth/auth.go:43.2,46.48 2 0
ecommerce-service/internal/auth/auth.go:46.48,48.3 1 0
ecommerce-service/internal/auth/auth.go:50.2,50.26 1 0
ecommerce-service/internal/auth/openID.go:43.61,45.16 2 0
ecommerce-service/internal/auth/openID.go:45.16,46.13 1 0
ecommerce-service/internal/auth/openID.go:49.2,63.3 3 0
ecommerce-service/internal/auth/openID.go:66.74,67.42 1 0
ecommerce-service/internal/auth/openID.go:67.42,69.3 1 0
ecommerce-service/internal/auth/openID.go:71.2,72.16 2 0
ecommerce-service/internal/auth/openID.go:72.16,74.3 1 0
ecommerce-service/internal/auth/openID.go:76.2,79.46 2 0
ecommerce-service/internal/auth/openID.go:79.46,81.3 1 0
ecommerce-service/internal/auth/openID.go:83.2,83.26 1 0
ecommerce-service/internal/config/config.go:62.30,65.16 3 0
ecommerce-service/internal/config/config.go:65.16,68.3 2 0
ecommerce-service/internal/config/config.go:69.2,69.18 1 0
ecommerce-service/internal/db/database.go:16.63,26.16 3 0
ecommerce-service/internal/db/database.go:26.16,28.3 1 0
ecommerce-service/internal/db/database.go:30.2,34.33 4 0
ecommerce-service/internal/db/database.go:34.33,36.3 1 0
ecommerce-service/internal/db/database.go:38.2,38.16 1 0
ecommerce-service/internal/db/database.go:41.52,43.16 2 0
ecommerce-service/internal/db/database.go:43.16,46.3 2 0
ecommerce-service/internal/db/database.go:48.2,51.16 3 0
ecommerce-service/internal/db/database.go:51.16,54.3 2 0
ecommerce-service/internal/db/database.go:56.2,57.12 2 0
ecommerce-service/internal/config/config.go:62.30,65.16 3 0
ecommerce-service/internal/config/config.go:65.16,68.3 2 0
ecommerce-service/internal/config/config.go:69.2,69.18 1 0
ecommerce-service/internal/logging/logging.go:18.70,20.50 1 0
ecommerce-service/internal/logging/logging.go:20.50,22.3 1 0
ecommerce-service/internal/logging/logging.go:24.2,31.16 3 0
ecommerce-service/internal/logging/logging.go:31.16,33.3 1 0
ecommerce-service/internal/logging/logging.go:35.2,40.8 2 0
ecommerce-service/internal/logging/logging.go:43.38,45.2 1 0
ecommerce-service/internal/handlers/api.go:29.15,37.2 1 0
ecommerce-service/internal/handlers/api.go:39.72,60.2 11 0
ecommerce-service/internal/handlers/api.go:62.69,63.71 1 0
ecommerce-service/internal/handlers/api.go:63.71,65.18 2 0
ecommerce-service/internal/handlers/api.go:65.18,68.4 2 0
ecommerce-service/internal/handlers/api.go:70.3,71.17 2 0
ecommerce-service/internal/handlers/api.go:71.17,75.4 3 0
ecommerce-service/internal/handlers/api.go:77.3,78.40 2 0
ecommerce-service/internal/handlers/api.go:82.76,84.65 2 0
ecommerce-service/internal/handlers/api.go:84.65,88.3 3 0
ecommerce-service/internal/handlers/api.go:90.2,90.78 1 0
ecommerce-service/internal/handlers/api.go:90.78,94.3 3 0
ecommerce-service/internal/handlers/api.go:96.2,98.36 3 0
ecommerce-service/internal/handlers/api.go:101.73,106.16 4 0
ecommerce-service/internal/handlers/api.go:106.16,110.3 3 0
ecommerce-service/internal/handlers/api.go:112.2,113.36 2 0
ecommerce-service/internal/handlers/api.go:116.74,118.63 2 0
ecommerce-service/internal/handlers/api.go:118.63,122.3 3 0
ecommerce-service/internal/handlers/api.go:124.2,124.72 1 0
ecommerce-service/internal/handlers/api.go:124.72,128.3 3 0
ecommerce-service/internal/handlers/api.go:130.2,132.34 3 0
ecommerce-service/internal/handlers/api.go:135.71,140.16 4 0
ecommerce-service/internal/handlers/api.go:140.16,144.3 3 0
ecommerce-service/internal/handlers/api.go:146.2,147.34 2 0
ecommerce-service/internal/handlers/api.go:150.86,155.16 4 0
ecommerce-service/internal/handlers/api.go:155.16,159.3 3 0
ecommerce-service/internal/handlers/api.go:161.2,163.37 3 0
ecommerce-service/internal/handlers/api.go:166.76,174.2 4 0
ecommerce-service/internal/handlers/api.go:179.74,181.16 2 0
ecommerce-service/internal/handlers/api.go:181.16,185.3 3 0
ecommerce-service/internal/handlers/api.go:187.2,188.67 2 0
ecommerce-service/internal/notifications/email.go:18.66,20.2 1 0
ecommerce-service/internal/notifications/email.go:22.85,26.2 2 0
ecommerce-service/internal/notifications/sms.go:18.78,20.2 1 0
ecommerce-service/internal/notifications/sms.go:22.89,27.2 2 0
ecommerce-service/internal/repositories/category.go:14.60,16.2 1 0
ecommerce-service/internal/repositories/category.go:18.91,22.2 3 0
ecommerce-service/internal/repositories/category.go:24.103,29.44 4 0
ecommerce-service/internal/repositories/category.go:29.44,31.3 1 0
ecommerce-service/internal/repositories/category.go:33.2,33.21 1 0
ecommerce-service/internal/repositories/category.go:33.21,35.3 1 0
ecommerce-service/internal/repositories/category.go:37.2,37.30 1 0
ecommerce-service/internal/repositories/category.go:41.96,48.16 6 0
ecommerce-service/internal/repositories/category.go:48.16,50.3 1 0
ecommerce-service/internal/repositories/category.go:52.2,52.20 1 0
ecommerce-service/internal/repositories/category.go:52.20,54.3 1 0
ecommerce-service/internal/repositories/category.go:56.2,56.23 1 0
ecommerce-service/internal/repositories/customer.go:14.60,16.2 1 0
ecommerce-service/internal/repositories/customer.go:18.91,22.2 3 0
ecommerce-service/internal/repositories/customer.go:24.102,30.16 5 0
ecommerce-service/internal/repositories/customer.go:30.16,32.3 1 0
ecommerce-service/internal/repositories/customer.go:34.2,34.23 1 0
ecommerce-service/internal/repositories/order.go:21.53,23.2 1 0
ecommerce-service/internal/repositories/order.go:25.82,27.16 2 0
ecommerce-service/internal/repositories/order.go:27.16,29.3 1 0
ecommerce-service/internal/repositories/order.go:30.2,35.16 4 0
ecommerce-service/internal/repositories/order.go:35.16,37.3 1 0
ecommerce-service/internal/repositories/order.go:40.2,41.35 2 0
ecommerce-service/internal/repositories/order.go:41.35,43.17 2 0
ecommerce-service/internal/repositories/order.go:43.17,45.4 1 0
ecommerce-service/internal/repositories/order.go:48.2,48.20 1 0
ecommerce-service/internal/repositories/order.go:51.90,60.16 6 0
ecommerce-service/internal/repositories/order.go:60.16,62.3 1 0
ecommerce-service/internal/repositories/order.go:63.2,69.16 4 0
ecommerce-service/internal/repositories/order.go:69.16,71.3 1 0
ecommerce-service/internal/repositories/order.go:72.2,75.18 3 0
ecommerce-service/internal/repositories/order.go:75.18,77.91 2 0
ecommerce-service/internal/repositories/order.go:77.91,79.4 1 0
ecommerce-service/internal/repositories/order.go:80.3,80.30 1 0
ecommerce-service/internal/repositories/order.go:82.2,84.20 2 0
ecommerce-service/internal/repositories/order.go:88.59,90.2 1 0
ecommerce-service/internal/repositories/product.go:14.58,16.2 1 0
ecommerce-service/internal/repositories/product.go:18.88,28.2 3 0
ecommerce-service/internal/repositories/product.go:30.109,34.16 3 0
ecommerce-service/internal/repositories/product.go:34.16,36.3 1 0
ecommerce-service/internal/repositories/product.go:37.2,40.18 3 0
ecommerce-service/internal/repositories/product.go:40.18,42.120 2 0
ecommerce-service/internal/repositories/product.go:42.120,44.4 1 0
ecommerce-service/internal/repositories/product.go:45.3,45.33 1 0
ecommerce-service/internal/repositories/product.go:48.2,48.22 1 0
ecommerce-service/internal/repositories/product.go:52.94,67.16 5 0
ecommerce-service/internal/repositories/product.go:67.16,69.3 1 0
ecommerce-service/internal/repositories/product.go:71.2,71.22 1 0
ecommerce-service/internal/services/auth.go:19.117,25.2 1 0
ecommerce-service/internal/services/auth.go:27.66,28.36 1 0
ecommerce-service/internal/services/auth.go:28.36,30.3 1 0
ecommerce-service/internal/services/auth.go:33.2,34.16 2 0
ecommerce-service/internal/services/auth.go:34.16,36.3 1 0
ecommerce-service/internal/services/auth.go:39.2,42.48 2 0
ecommerce-service/internal/services/auth.go:42.48,44.3 1 0
ecommerce-service/internal/services/auth.go:46.2,46.26 1 0
ecommerce-service/internal/services/category.go:14.79,16.2 1 0
ecommerce-service/internal/services/category.go:18.96,20.58 1 0
ecommerce-service/internal/services/category.go:20.58,21.68 1 0
ecommerce-service/internal/services/category.go:21.68,23.4 1 0
ecommerce-service/internal/services/category.go:25.2,25.37 1 0
ecommerce-service/internal/services/category.go:28.97,30.2 1 0
ecommerce-service/internal/services/category.go:32.100,34.2 1 0
ecommerce-service/internal/services/notifications.go:14.81,19.2 1 0
ecommerce-service/internal/services/notifications.go:21.85,25.2 2 0
ecommerce-service/internal/services/notifications.go:27.96,31.2 2 0
ecommerce-service/internal/services/order.go:24.16,31.2 1 0
ecommerce-service/internal/services/order.go:33.84,36.35 2 0
ecommerce-service/internal/services/order.go:36.35,38.3 1 0
ecommerce-service/internal/services/order.go:39.2,42.55 2 0
ecommerce-service/internal/services/order.go:42.55,44.3 1 0
ecommerce-service/internal/services/order.go:45.2,45.55 1 0
ecommerce-service/internal/services/order.go:45.55,47.3 1 0
ecommerce-service/internal/services/order.go:50.2,51.16 2 0
ecommerce-service/internal/services/order.go:51.16,53.3 1 0
ecommerce-service/internal/services/order.go:56.2,63.12 3 0
ecommerce-service/internal/services/order.go:66.88,68.2 1 0
ecommerce-service/internal/services/product.go:18.18,23.2 1 0
ecommerce-service/internal/services/product.go:25.92,27.75 1 0
ecommerce-service/internal/services/product.go:27.75,29.3 1 0
ecommerce-service/internal/services/product.go:30.2,30.43 1 0
ecommerce-service/internal/services/product.go:33.94,35.2 1 0
ecommerce-service/internal/services/product.go:37.114,39.2 1 0
